  Main.cpp
C:\Users\Damian\Downloads\GAME-230-BREAKOUT-master\GAME-230-BREAKOUT-master\BREAKOUT\HighScore.h(6,1): warning C4005: "MAX_NUMBER_OF_ITEMS": ponowna definicja makra
C:\Users\Damian\Downloads\GAME-230-BREAKOUT-master\GAME-230-BREAKOUT-master\BREAKOUT\Menu.h(4): message : zobacz poprzednią definicję „MAX_NUMBER_OF_ITEMS”
C:\Users\Damian\Downloads\GAME-230-BREAKOUT-master\GAME-230-BREAKOUT-master\BREAKOUT\Main.cpp(123,38): warning C4244: "argument": konwersja z "float" do "unsigned int", możliwa utrata danych
C:\Users\Damian\Downloads\GAME-230-BREAKOUT-master\GAME-230-BREAKOUT-master\BREAKOUT\Main.cpp(123,26): warning C4244: "argument": konwersja z "float" do "unsigned int", możliwa utrata danych
C:\Users\Damian\Downloads\GAME-230-BREAKOUT-master\GAME-230-BREAKOUT-master\BREAKOUT\Main.cpp(125,48): warning C4244: "argument": konwersja z "T" do "float", możliwa utrata danych
C:\Users\Damian\Downloads\GAME-230-BREAKOUT-master\GAME-230-BREAKOUT-master\BREAKOUT\Main.cpp(125,48): warning C4244:         with
C:\Users\Damian\Downloads\GAME-230-BREAKOUT-master\GAME-230-BREAKOUT-master\BREAKOUT\Main.cpp(125,48): warning C4244:         [
C:\Users\Damian\Downloads\GAME-230-BREAKOUT-master\GAME-230-BREAKOUT-master\BREAKOUT\Main.cpp(125,48): warning C4244:             T=unsigned int
C:\Users\Damian\Downloads\GAME-230-BREAKOUT-master\GAME-230-BREAKOUT-master\BREAKOUT\Main.cpp(125,48): warning C4244:         ]
C:\Users\Damian\Downloads\GAME-230-BREAKOUT-master\GAME-230-BREAKOUT-master\BREAKOUT\Main.cpp(125,28): warning C4244: "argument": konwersja z "T" do "float", możliwa utrata danych
C:\Users\Damian\Downloads\GAME-230-BREAKOUT-master\GAME-230-BREAKOUT-master\BREAKOUT\Main.cpp(125,28): warning C4244:         with
C:\Users\Damian\Downloads\GAME-230-BREAKOUT-master\GAME-230-BREAKOUT-master\BREAKOUT\Main.cpp(125,28): warning C4244:         [
C:\Users\Damian\Downloads\GAME-230-BREAKOUT-master\GAME-230-BREAKOUT-master\BREAKOUT\Main.cpp(125,28): warning C4244:             T=unsigned int
C:\Users\Damian\Downloads\GAME-230-BREAKOUT-master\GAME-230-BREAKOUT-master\BREAKOUT\Main.cpp(125,28): warning C4244:         ]
C:\Users\Damian\Downloads\GAME-230-BREAKOUT-master\GAME-230-BREAKOUT-master\BREAKOUT\Main.cpp(352,56): warning C4244: "argument": konwersja z "int" do "T", możliwa utrata danych
C:\Users\Damian\Downloads\GAME-230-BREAKOUT-master\GAME-230-BREAKOUT-master\BREAKOUT\Main.cpp(352,56): warning C4244:         with
C:\Users\Damian\Downloads\GAME-230-BREAKOUT-master\GAME-230-BREAKOUT-master\BREAKOUT\Main.cpp(352,56): warning C4244:         [
C:\Users\Damian\Downloads\GAME-230-BREAKOUT-master\GAME-230-BREAKOUT-master\BREAKOUT\Main.cpp(352,56): warning C4244:             T=float
C:\Users\Damian\Downloads\GAME-230-BREAKOUT-master\GAME-230-BREAKOUT-master\BREAKOUT\Main.cpp(352,56): warning C4244:         ]
C:\Users\Damian\Downloads\GAME-230-BREAKOUT-master\GAME-230-BREAKOUT-master\BREAKOUT\Main.cpp(735,10): warning C4244: "inicjowanie": konwersja z "T" do "int", możliwa utrata danych
C:\Users\Damian\Downloads\GAME-230-BREAKOUT-master\GAME-230-BREAKOUT-master\BREAKOUT\Main.cpp(735,10): warning C4244:         with
C:\Users\Damian\Downloads\GAME-230-BREAKOUT-master\GAME-230-BREAKOUT-master\BREAKOUT\Main.cpp(735,10): warning C4244:         [
C:\Users\Damian\Downloads\GAME-230-BREAKOUT-master\GAME-230-BREAKOUT-master\BREAKOUT\Main.cpp(735,10): warning C4244:             T=float
C:\Users\Damian\Downloads\GAME-230-BREAKOUT-master\GAME-230-BREAKOUT-master\BREAKOUT\Main.cpp(735,10): warning C4244:         ]
C:\Users\Damian\Downloads\GAME-230-BREAKOUT-master\GAME-230-BREAKOUT-master\BREAKOUT\Main.cpp(862,14): warning C4101: "res": lokalna zmienna, do której nie istnieje odwołanie
C:\Users\Damian\Downloads\GAME-230-BREAKOUT-master\GAME-230-BREAKOUT-master\BREAKOUT\Main.cpp(861,13): warning C4101: "row": lokalna zmienna, do której nie istnieje odwołanie
  Trwa generowanie kodu
  85 of 268 functions (31.7%) were compiled, the rest were copied from previous compilation.
    0 functions were new in current compilation
    17 functions had inline decision re-evaluated but remain unchanged
  Zakończono generowanie kodu
  BREAKOUT.vcxproj -> C:\Users\Damian\Downloads\GAME-230-BREAKOUT-master\GAME-230-BREAKOUT-master\x64\Release\BREAKOUT.exe
